# JRE version: Java(TM) SE Runtime Environment (8.0_11-b12) (build 1.8.0_11-b12)
# Java VM: Java HotSpot(TM) 64-Bit Server VM (25.11-b03 mixed mode windows-amd64 compressed oops)
Heap:
 PSYoungGen      total 235008K, used 30156K [0x00000000f0000000, 0x0000000100000000, 0x0000000100000000)
  eden space 224256K, 12% used [0x00000000f0000000,0x00000000f1b76ab0,0x00000000fdb00000)
  from space 10752K, 18% used [0x00000000ff580000,0x00000000ff77c568,0x0000000100000000)
  to   space 18944K, 0% used [0x00000000fdb00000,0x00000000fdb00000,0x00000000fed80000)
 ParOldGen       total 103936K, used 85234K [0x00000000d0000000, 0x00000000d6580000, 0x00000000f0000000)
  object space 103936K, 82% used [0x00000000d0000000,0x00000000d533cbc8,0x00000000d6580000)
 Metaspace       used 55032K, capacity 56378K, committed 56448K, reserved 1099776K
  class space    used 6347K, capacity 6769K, committed 6784K, reserved 1048576K
GC Heap History (10 events):
Event: 8.507 GC heap before
{Heap before GC invocations=51 (full 5):
 PSYoungGen      total 248320K, used 240364K [0x00000000f0000000, 0x0000000100000000, 0x0000000100000000)
  eden space 239616K, 97% used [0x00000000f0000000,0x00000000fe42d748,0x00000000fea00000)
  from space 8704K, 77% used [0x00000000fea00000,0x00000000ff08da18,0x00000000ff280000)
  to   space 9216K, 0% used [0x00000000ff700000,0x00000000ff700000,0x0000000100000000)
 ParOldGen       total 70656K, used 57200K [0x00000000d0000000, 0x00000000d4500000, 0x00000000f0000000)
  object space 70656K, 80% used [0x00000000d0000000,0x00000000d37dc070,0x00000000d4500000)
 Metaspace       used 51202K, capacity 52448K, committed 52608K, reserved 1095680K
  class space    used 5861K, capacity 6239K, committed 6272K, reserved 1048576K
Event: 8.524 GC heap after
Heap after GC invocations=51 (full 5):
 PSYoungGen      total 249856K, used 9200K [0x00000000f0000000, 0x0000000100000000, 0x0000000100000000)
  eden space 240640K, 0% used [0x00000000f0000000,0x00000000f0000000,0x00000000feb00000)
  from space 9216K, 99% used [0x00000000ff700000,0x00000000ffffc140,0x0000000100000000)
  to   space 10752K, 0% used [0x00000000feb00000,0x00000000feb00000,0x00000000ff580000)
 ParOldGen       total 70656K, used 58108K [0x00000000d0000000, 0x00000000d4500000, 0x00000000f0000000)
  object space 70656K, 82% used [0x00000000d0000000,0x00000000d38bf018,0x00000000d4500000)
 Metaspace       used 51202K, capacity 52448K, committed 52608K, reserved 1095680K
  class space    used 5861K, capacity 6239K, committed 6272K, reserved 1048576K
}
Event: 9.236 GC heap before
{Heap before GC invocations=52 (full 5):
 PSYoungGen      total 249856K, used 249840K [0x00000000f0000000, 0x0000000100000000, 0x0000000100000000)
  eden space 240640K, 100% used [0x00000000f0000000,0x00000000feb00000,0x00000000feb00000)
  from space 9216K, 99% used [0x00000000ff700000,0x00000000ffffc140,0x0000000100000000)
  to   space 10752K, 0% used [0x00000000feb00000,0x00000000feb00000,0x00000000ff580000)
 ParOldGen       total 70656K, used 58108K [0x00000000d0000000, 0x00000000d4500000, 0x00000000f0000000)
  object space 70656K, 82% used [0x00000000d0000000,0x00000000d38bf018,0x00000000d4500000)
 Metaspace       used 52319K, capacity 53608K, committed 53888K, reserved 1097728K
  class space    used 6000K, capacity 6421K, committed 6528K, reserved 1048576K
Event: 9.249 GC heap after
Heap after GC invocations=52 (full 5):
 PSYoungGen      total 251392K, used 10720K [0x00000000f0000000, 0x0000000100000000, 0x0000000100000000)
  eden space 240640K, 0% used [0x00000000f0000000,0x00000000f0000000,0x00000000feb00000)
  from space 10752K, 99% used [0x00000000feb00000,0x00000000ff578020,0x00000000ff580000)
  to   space 10752K, 0% used [0x00000000ff580000,0x00000000ff580000,0x0000000100000000)
 ParOldGen       total 70656K, used 65389K [0x00000000d0000000, 0x00000000d4500000, 0x00000000f0000000)
  object space 70656K, 92% used [0x00000000d0000000,0x00000000d3fdb5b0,0x00000000d4500000)
 Metaspace       used 52319K, capacity 53608K, committed 53888K, reserved 1097728K
  class space    used 6000K, capacity 6421K, committed 6528K, reserved 1048576K
}
Event: 9.249 GC heap before
{Heap before GC invocations=53 (full 6):
 PSYoungGen      total 251392K, used 10720K [0x00000000f0000000, 0x0000000100000000, 0x0000000100000000)
  eden space 240640K, 0% used [0x00000000f0000000,0x00000000f0000000,0x00000000feb00000)
  from space 10752K, 99% used [0x00000000feb00000,0x00000000ff578020,0x00000000ff580000)
  to   space 10752K, 0% used [0x00000000ff580000,0x00000000ff580000,0x0000000100000000)
 ParOldGen       total 70656K, used 65389K [0x00000000d0000000, 0x00000000d4500000, 0x00000000f0000000)
  object space 70656K, 92% used [0x00000000d0000000,0x00000000d3fdb5b0,0x00000000d4500000)
 Metaspace       used 52319K, capacity 53608K, committed 53888K, reserved 1097728K
  class space    used 6000K, capacity 6421K, committed 6528K, reserved 1048576K
Event: 9.929 GC heap after
Heap after GC invocations=53 (full 6):
 PSYoungGen      total 251392K, used 3541K [0x00000000f0000000, 0x0000000100000000, 0x0000000100000000)
  eden space 240640K, 0% used [0x00000000f0000000,0x00000000f0000000,0x00000000feb00000)
  from space 10752K, 32% used [0x00000000feb00000,0x00000000fee75798,0x00000000ff580000)
  to   space 10752K, 0% used [0x00000000ff580000,0x00000000ff580000,0x0000000100000000)
 ParOldGen       total 85504K, used 70238K [0x00000000d0000000, 0x00000000d5380000, 0x00000000f0000000)
  object space 85504K, 82% used [0x00000000d0000000,0x00000000d4497920,0x00000000d5380000)
 Metaspace       used 52319K, capacity 53608K, committed 53888K, reserved 1097728K
  class space    used 6000K, capacity 6421K, committed 6528K, reserved 1048576K
}
Event: 10.781 GC heap before
{Heap before GC invocations=54 (full 6):
 PSYoungGen      total 251392K, used 244181K [0x00000000f0000000, 0x0000000100000000, 0x0000000100000000)
  eden space 240640K, 100% used [0x00000000f0000000,0x00000000feb00000,0x00000000feb00000)
  from space 10752K, 32% used [0x00000000feb00000,0x00000000fee75798,0x00000000ff580000)
  to   space 10752K, 0% used [0x00000000ff580000,0x00000000ff580000,0x0000000100000000)
 ParOldGen       total 85504K, used 70238K [0x00000000d0000000, 0x00000000d5380000, 0x00000000f0000000)
  object space 85504K, 82% used [0x00000000d0000000,0x00000000d4497920,0x00000000d5380000)
 Metaspace       used 54867K, capacity 56188K, committed 56448K, reserved 1099776K
  class space    used 6313K, capacity 6747K, committed 6784K, reserved 1048576K
Event: 10.798 GC heap after
Heap after GC invocations=54 (full 6):
 PSYoungGen      total 235008K, used 10752K [0x00000000f0000000, 0x0000000100000000, 0x0000000100000000)
  eden space 224256K, 0% used [0x00000000f0000000,0x00000000f0000000,0x00000000fdb00000)
  from space 10752K, 100% used [0x00000000ff580000,0x0000000100000000,0x0000000100000000)
  to   space 18944K, 0% used [0x00000000fdb00000,0x00000000fdb00000,0x00000000fed80000)
 ParOldGen       total 85504K, used 77695K [0x00000000d0000000, 0x00000000d5380000, 0x00000000f0000000)
  object space 85504K, 90% used [0x00000000d0000000,0x00000000d4bdfc70,0x00000000d5380000)
 Metaspace       used 54867K, capacity 56188K, committed 56448K, reserved 1099776K
  class space    used 6313K, capacity 6747K, committed 6784K, reserved 1048576K
}
Event: 10.798 GC heap before
{Heap before GC invocations=55 (full 7):
 PSYoungGen      total 235008K, used 10752K [0x00000000f0000000, 0x0000000100000000, 0x0000000100000000)
  eden space 224256K, 0% used [0x00000000f0000000,0x00000000f0000000,0x00000000fdb00000)
  from space 10752K, 100% used [0x00000000ff580000,0x0000000100000000,0x0000000100000000)
  to   space 18944K, 0% used [0x00000000fdb00000,0x00000000fdb00000,0x00000000fed80000)
 ParOldGen       total 85504K, used 77695K [0x00000000d0000000, 0x00000000d5380000, 0x00000000f0000000)
  object space 85504K, 90% used [0x00000000d0000000,0x00000000d4bdfc70,0x00000000d5380000)
 Metaspace       used 54867K, capacity 56188K, committed 56448K, reserved 1099776K
  class space    used 6313K, capacity 6747K, committed 6784K, reserved 1048576K
Event: 11.231 GC heap after
Heap after GC invocations=55 (full 7):
 PSYoungGen      total 235008K, used 2033K [0x00000000f0000000, 0x0000000100000000, 0x0000000100000000)
  eden space 224256K, 0% used [0x00000000f0000000,0x00000000f0000000,0x00000000fdb00000)
  from space 10752K, 18% used [0x00000000ff580000,0x00000000ff77c568,0x0000000100000000)
  to   space 18944K, 0% used [0x00000000fdb00000,0x00000000fdb00000,0x00000000fed80000)
 ParOldGen       total 103936K, used 85234K [0x00000000d0000000, 0x00000000d6580000, 0x00000000f0000000)
  object space 103936K, 82% used [0x00000000d0000000,0x00000000d533cbc8,0x00000000d6580000)
 Metaspace       used 54867K, capacity 56188K, committed 56448K, reserved 1099776K
  class space    used 6313K, capacity 6747K, committed 6784K, reserved 1048576K
}

